<?xml version="1.0" encoding="UTF-8"?>
<!-- Generated by org.testng.reporters.JUnitXMLReporter -->
<testsuite ignored="1" hostname="DESKTOP-30MHC5G" failures="0" tests="1" name="Default test" time="31.056" errors="0" timestamp="2023-05-05T10:34:46 IST">
  <testcase classname="BA340.Tests.BA340_SignOut_Test" name="ValidatingSignOutPageNegativeScenario" time="14.525"/>
  <testcase classname="BA340.Tests.BA340_SignOut_Test" name="ValidatingSignOutPage" time="0.0">
    <ignored/>
  </testcase> <!-- ValidatingSignOutPage -->
</testsuite> <!-- Default test -->
