<?xml version="1.0" encoding="UTF-8"?>
<testng-results ignored="1" total="2" passed="1" failed="0" skipped="0">
  <reporter-output>
    <line>
      <![CDATA[Validating Sign Out functionality]]>
    </line>
    <line>
      <![CDATA[Taking screenshot]]>
    </line>
    <line>
      <![CDATA[Test case ValidatingSignOutPageNegativeScenario is passed , Good job!]]>
    </line>
  </reporter-output>
  <suite started-at="2023-05-05T10:34:15 IST" name="Default suite" finished-at="2023-05-05T10:34:46 IST" duration-ms="31056">
    <groups>
    </groups>
    <test started-at="2023-05-05T10:34:15 IST" name="Default test" finished-at="2023-05-05T10:34:46 IST" duration-ms="31056">
      <class name="BA340.Tests.BA340_SignOut_Test">
        <test-method is-config="true" signature="LaunchBrowser()[pri:0, instance:BA340.Tests.BA340_SignOut_Test@1aafa419]" started-at="2023-05-05T10:34:15 IST" name="LaunchBrowser" finished-at="2023-05-05T10:34:17 IST" duration-ms="2034" status="PASS">
          <reporter-output>
          </reporter-output>
        </test-method> <!-- LaunchBrowser -->
        <test-method is-config="true" signature="LaunchApplicationUnderTest()[pri:0, instance:BA340.Tests.BA340_SignOut_Test@1aafa419]" started-at="2023-05-05T10:34:17 IST" name="LaunchApplicationUnderTest" finished-at="2023-05-05T10:34:27 IST" duration-ms="10061" status="PASS">
          <reporter-output>
          </reporter-output>
        </test-method> <!-- LaunchApplicationUnderTest -->
        <test-method signature="ValidatingSignOutPageNegativeScenario()[pri:0, instance:BA340.Tests.BA340_SignOut_Test@1aafa419]" started-at="2023-05-05T10:34:27 IST" name="ValidatingSignOutPageNegativeScenario" finished-at="2023-05-05T10:34:41 IST" duration-ms="14525" status="PASS">
          <reporter-output>
            <line>
              <![CDATA[Validating Sign Out functionality]]>
            </line>
            <line>
              <![CDATA[Taking screenshot]]>
            </line>
            <line>
              <![CDATA[Test case ValidatingSignOutPageNegativeScenario is passed , Good job!]]>
            </line>
          </reporter-output>
        </test-method> <!-- ValidatingSignOutPageNegativeScenario -->
        <test-method is-config="true" signature="minimizeApplicationUnderTest()[pri:0, instance:BA340.Tests.BA340_SignOut_Test@1aafa419]" started-at="2023-05-05T10:34:41 IST" name="minimizeApplicationUnderTest" finished-at="2023-05-05T10:34:44 IST" duration-ms="2253" status="PASS">
          <reporter-output>
          </reporter-output>
        </test-method> <!-- minimizeApplicationUnderTest -->
        <test-method is-config="true" signature="ClosingBrowser()[pri:0, instance:BA340.Tests.BA340_SignOut_Test@1aafa419]" started-at="2023-05-05T10:34:44 IST" name="ClosingBrowser" finished-at="2023-05-05T10:34:46 IST" duration-ms="2002" status="PASS">
          <reporter-output>
          </reporter-output>
        </test-method> <!-- ClosingBrowser -->
      </class> <!-- BA340.Tests.BA340_SignOut_Test -->
    </test> <!-- Default test -->
  </suite> <!-- Default suite -->
</testng-results>
